2026-03-07T11:01:26.018549568Z [inf]  
2026-03-07T11:01:30.311858243Z [inf]  [35m[Region: europe-west4][0m
2026-03-07T11:01:30.332475677Z [err]  INFO No package manager inferred, using npm default
2026-03-07T11:01:30.332497556Z [err]  
2026-03-07T11:01:30.363909503Z [inf]  
2026-03-07T11:01:30.363936159Z [inf]  [38;2;125;86;243m╭─────────────────╮[0m
2026-03-07T11:01:30.363940453Z [inf]  [38;2;125;86;243m│[0m Railpack 0.17.2 [38;2;125;86;243m│[0m
2026-03-07T11:01:30.363943881Z [inf]  [38;2;125;86;243m╰─────────────────╯[0m
2026-03-07T11:01:30.363948872Z [inf]  
2026-03-07T11:01:30.363952030Z [inf]  [97m↳ Detected Node[0m
2026-03-07T11:01:30.363955399Z [inf]  [97m↳ Using npm package manager[0m
2026-03-07T11:01:30.363958499Z [inf]  
2026-03-07T11:01:30.363961969Z [inf]  [1mPackages[0m
2026-03-07T11:01:30.363965211Z [inf]  [38;5;238m──────────[0m
2026-03-07T11:01:30.363968137Z [inf]  [95mnode[0m  [38;5;238m│[0m  [96m22.22.1[0m  [38;5;238m│[0m  railpack default (22)
2026-03-07T11:01:30.363971296Z [inf]  
2026-03-07T11:01:30.363974590Z [inf]  [1mSteps[0m
2026-03-07T11:01:30.363977764Z [inf]  [38;5;238m──────────[0m
2026-03-07T11:01:30.363980728Z [inf]  [95m▸ install[0m
2026-03-07T11:01:30.363983591Z [inf]  [38;5;245m$[0m [1mnpm ci[0m
2026-03-07T11:01:30.363988337Z [inf]  
2026-03-07T11:01:30.363991197Z [inf]  [95m▸ build[0m
2026-03-07T11:01:30.363994196Z [inf]  [38;5;245m$[0m [1mnpm run build[0m
2026-03-07T11:01:30.363996984Z [inf]  
2026-03-07T11:01:30.364000086Z [inf]  [1mDeploy[0m
2026-03-07T11:01:30.364003186Z [inf]  [38;5;238m──────────[0m
2026-03-07T11:01:30.364005818Z [inf]  [38;5;245m$[0m [1mnpm run start[0m
2026-03-07T11:01:30.364008431Z [inf]  
2026-03-07T11:01:30.364011059Z [inf]  
2026-03-07T11:01:30.364949752Z [inf]  Successfully prepared Railpack plan for build
2026-03-07T11:01:30.364978912Z [inf]  
2026-03-07T11:01:30.364983675Z [inf]  
2026-03-07T11:01:30.365468158Z [inf]  context: v7t5-JXEq
2026-03-07T11:01:30.502079561Z [inf]  [internal] load build definition from railpack-plan.json
2026-03-07T11:01:30.502115426Z [inf]  [internal] load build definition from railpack-plan.json
2026-03-07T11:01:30.502128744Z [inf]  [internal] load build definition from railpack-plan.json
2026-03-07T11:01:30.512552358Z [inf]  [internal] load build definition from railpack-plan.json
2026-03-07T11:01:30.514817072Z [inf]  resolve image config for docker-image://ghcr.io/railwayapp/railpack-frontend:v0.17.2
2026-03-07T11:01:30.656385273Z [inf]  resolve image config for docker-image://ghcr.io/railwayapp/railpack-frontend:v0.17.2
2026-03-07T11:01:30.656423805Z [inf]  docker-image://ghcr.io/railwayapp/railpack-frontend:v0.17.2@sha256:28365a4aa9bba5675a71d2a7df568a19ab8da928dc150aaa63157752f0702a07
2026-03-07T11:01:30.656644158Z [inf]  docker-image://ghcr.io/railwayapp/railpack-frontend:v0.17.2@sha256:28365a4aa9bba5675a71d2a7df568a19ab8da928dc150aaa63157752f0702a07
2026-03-07T11:01:30.660820099Z [inf]  docker-image://ghcr.io/railwayapp/railpack-frontend:v0.17.2@sha256:28365a4aa9bba5675a71d2a7df568a19ab8da928dc150aaa63157752f0702a07
2026-03-07T11:01:30.660969743Z [inf]  docker-image://ghcr.io/railwayapp/railpack-frontend:v0.17.2@sha256:28365a4aa9bba5675a71d2a7df568a19ab8da928dc150aaa63157752f0702a07
2026-03-07T11:01:30.742448192Z [inf]  load build definition from railpack-plan.json
2026-03-07T11:01:30.742481079Z [inf]  load build definition from railpack-plan.json
2026-03-07T11:01:30.742705790Z [inf]  load build definition from railpack-plan.json
2026-03-07T11:01:30.751779960Z [inf]  load build definition from railpack-plan.json
2026-03-07T11:01:30.769591296Z [inf]  copy /root/.local/state/mise
2026-03-07T11:01:30.769620225Z [inf]  copy /etc/mise/config.toml
2026-03-07T11:01:30.769630940Z [inf]  copy /usr/local/bin/mise
2026-03-07T11:01:30.769640472Z [inf]  copy /mise/installs
2026-03-07T11:01:30.769652456Z [inf]  copy /mise/shims
2026-03-07T11:01:30.769670435Z [inf]  install mise packages: node
2026-03-07T11:01:30.769679910Z [inf]  create mise config
2026-03-07T11:01:30.769689250Z [inf]  mkdir /etc/mise
2026-03-07T11:01:30.769697557Z [inf]  docker-image://ghcr.io/railwayapp/railpack-builder:latest
2026-03-07T11:01:30.769705604Z [inf]  install apt packages: libatomic1
2026-03-07T11:01:30.769715059Z [inf]  docker-image://ghcr.io/railwayapp/railpack-runtime:latest
2026-03-07T11:01:30.769784633Z [inf]  npm ci
2026-03-07T11:01:30.769796097Z [inf]  copy package.json
2026-03-07T11:01:30.769804862Z [inf]  copy package-lock.json
2026-03-07T11:01:30.769812852Z [inf]  loading .
2026-03-07T11:01:30.769821565Z [inf]  copy client/package-lock.json
2026-03-07T11:01:30.769829492Z [inf]  npm run build
2026-03-07T11:01:30.769837410Z [inf]  copy /root/.cache
2026-03-07T11:01:30.769845529Z [inf]  [railpack] copy used secrets hash
2026-03-07T11:01:30.769853268Z [inf]  [railpack] hash used secrets
2026-03-07T11:01:30.769864127Z [inf]  [railpack] copy secrets hash
2026-03-07T11:01:30.769875694Z [inf]  [railpack] secrets hash
2026-03-07T11:01:30.769884152Z [inf]  copy / /app
2026-03-07T11:01:30.769892523Z [inf]  copy /app/node_modules
2026-03-07T11:01:30.769900643Z [inf]  mkdir -p /app/node_modules/.cache
2026-03-07T11:01:30.769908316Z [inf]  [railpack] loading secrets
2026-03-07T11:01:30.769916332Z [inf]  copy client/package.json
2026-03-07T11:01:30.769938263Z [inf]  [railpack] merge $packages:apt:runtime, $packages:mise, $build, $build
2026-03-07T11:01:30.769959117Z [inf]  copy /app
2026-03-07T11:01:30.769984344Z [inf]  docker-image://ghcr.io/railwayapp/railpack-runtime:latest
2026-03-07T11:01:30.769998100Z [inf]  [railpack] secrets hash
2026-03-07T11:01:30.770012217Z [inf]  docker-image://ghcr.io/railwayapp/railpack-builder:latest
2026-03-07T11:01:30.770023964Z [inf]  [railpack] loading secrets
2026-03-07T11:01:30.770040734Z [inf]  loading .
2026-03-07T11:01:30.906620634Z [inf]  docker-image://ghcr.io/railwayapp/railpack-builder:latest
2026-03-07T11:01:30.907056070Z [inf]  mkdir /etc/mise
2026-03-07T11:01:30.907077603Z [inf]  create mise config
2026-03-07T11:01:30.907205810Z [inf]  install mise packages: node
2026-03-07T11:01:30.912078225Z [inf]  docker-image://ghcr.io/railwayapp/railpack-runtime:latest
2026-03-07T11:01:30.912271136Z [inf]  docker-image://ghcr.io/railwayapp/railpack-runtime:latest
2026-03-07T11:01:30.912322535Z [inf]  install apt packages: libatomic1
2026-03-07T11:01:31.038966089Z [inf]  [auth] library/alpine:pull token for registry-1.docker.io
2026-03-07T11:01:31.039002750Z [inf]  [auth] library/alpine:pull token for registry-1.docker.io
2026-03-07T11:01:31.077866311Z [inf]  Get:1 http://deb.debian.org/debian bookworm InRelease [151 kB]

2026-03-07T11:01:31.090925423Z [inf]  Get:2 http://deb.debian.org/debian bookworm-updates InRelease [55.4 kB]

2026-03-07T11:01:31.094508685Z [inf]  Get:3 http://deb.debian.org/debian-security bookworm-security InRelease [48.0 kB]

2026-03-07T11:01:31.145911946Z [inf]  Get:4 http://deb.debian.org/debian bookworm/main amd64 Packages [8792 kB]

2026-03-07T11:01:31.207156891Z [inf]  Get:5 http://deb.debian.org/debian bookworm-updates/main amd64 Packages [6924 B]

2026-03-07T11:01:31.221316847Z [inf]  Get:6 http://deb.debian.org/debian-security bookworm-security/main amd64 Packages [293 kB]

2026-03-07T11:01:31.367039286Z [inf]  [railpack] loading secrets
2026-03-07T11:01:31.367997780Z [inf]  loading .
2026-03-07T11:01:31.368010193Z [inf]  [railpack] secrets hash
2026-03-07T11:01:31.373897615Z [inf]  [railpack] secrets hash
2026-03-07T11:01:31.377197857Z [inf]  [railpack] loading secrets
2026-03-07T11:01:31.377316192Z [inf]  [railpack] copy secrets hash
2026-03-07T11:01:31.391665906Z [inf]  [railpack] copy secrets hash
2026-03-07T11:01:31.392835602Z [inf]  [railpack] hash used secrets
2026-03-07T11:01:31.393661371Z [inf]  loading .
2026-03-07T11:01:31.428552207Z [inf]  mise node@22.22.1    install

2026-03-07T11:01:31.431655575Z [inf]  mise node@22.22.1    download node-v22.22.1-linux-x64.tar.gz

2026-03-07T11:01:31.553035760Z [inf]  [railpack] hash used secrets
2026-03-07T11:01:31.575493543Z [inf]  [railpack] copy used secrets hash
2026-03-07T11:01:32.111756116Z [inf]  Fetched 9346 kB in 1s (8895 kB/s)
Reading package lists...
2026-03-07T11:01:32.363700964Z [inf]  mise node@22.22.1    extract node-v22.22.1-linux-x64.tar.gz

2026-03-07T11:01:32.488522406Z [inf]  

2026-03-07T11:01:32.504604928Z [inf]  Reading package lists...
2026-03-07T11:01:32.888249887Z [inf]  

2026-03-07T11:01:32.898708805Z [inf]  Building dependency tree...
2026-03-07T11:01:32.969112571Z [inf]  
Reading state information...
2026-03-07T11:01:32.969491391Z [inf]  

2026-03-07T11:01:33.082329489Z [inf]  The following NEW packages will be installed:

2026-03-07T11:01:33.082711433Z [inf]    libatomic1

2026-03-07T11:01:33.101350914Z [inf]  0 upgraded, 1 newly installed, 0 to remove and 13 not upgraded.
Need to get 9376 B of archives.
After this operation, 46.1 kB of additional disk space will be used.
Get:1 http://deb.debian.org/debian bookworm/main amd64 libatomic1 amd64 12.2.0-14+deb12u1 [9376 B]

2026-03-07T11:01:33.202526602Z [inf]  debconf: delaying package configuration, since apt-utils is not installed

2026-03-07T11:01:33.21944877Z [inf]  Fetched 9376 B in 0s (633 kB/s)

2026-03-07T11:01:33.234983181Z [inf]  Selecting previously unselected package libatomic1:amd64.
(Reading database ... 
2026-03-07T11:01:33.236381287Z [inf]  (Reading database ... 5%(Reading database ... 10%(Reading database ... 15%(Reading database ... 20%(Reading database ... 25%(Reading database ... 30%(Reading database ... 35%(Reading database ... 40%(Reading database ... 45%(Reading database ... 50%(Reading database ... 55%(Reading database ... 60%(Reading database ... 65%(Reading database ... 70%
2026-03-07T11:01:33.240203223Z [inf]  (Reading database ... 75%
2026-03-07T11:01:33.242889942Z [inf]  (Reading database ... 80%
2026-03-07T11:01:33.24509614Z [inf]  (Reading database ... 85%
2026-03-07T11:01:33.247474361Z [inf]  (Reading database ... 90%
2026-03-07T11:01:33.250012622Z [inf]  (Reading database ... 95%
2026-03-07T11:01:33.253168612Z [inf]  (Reading database ... 100%(Reading database ... 6622 files and directories currently installed.)

2026-03-07T11:01:33.2535133Z [inf]  Preparing to unpack .../libatomic1_12.2.0-14+deb12u1_amd64.deb ...

2026-03-07T11:01:33.255991337Z [inf]  Unpacking libatomic1:amd64 (12.2.0-14+deb12u1) ...

2026-03-07T11:01:33.270960591Z [inf]  Setting up libatomic1:amd64 (12.2.0-14+deb12u1) ...

2026-03-07T11:01:33.274133393Z [inf]  Processing triggers for libc-bin (2.36-9+deb12u13) ...

2026-03-07T11:01:33.408704788Z [inf]  install apt packages: libatomic1
2026-03-07T11:01:33.586102436Z [inf]  mise node@22.22.1    node -v

2026-03-07T11:01:33.58916373Z [inf]  mise node@22.22.1    v22.22.1

2026-03-07T11:01:33.58980873Z [inf]  mise node@22.22.1    npm -v

2026-03-07T11:01:33.671239967Z [inf]  mise node@22.22.1    10.9.4

2026-03-07T11:01:33.688006518Z [inf]  mise node@22.22.1  ✓ installed

2026-03-07T11:01:33.725000139Z [inf]  install mise packages: node
2026-03-07T11:01:33.726369003Z [inf]  mkdir -p /app/node_modules/.cache
2026-03-07T11:01:33.853501121Z [inf]  mkdir -p /app/node_modules/.cache
2026-03-07T11:01:33.854516740Z [inf]  copy client/package-lock.json
2026-03-07T11:01:33.866368030Z [inf]  copy client/package-lock.json
2026-03-07T11:01:33.867446365Z [inf]  copy client/package.json
2026-03-07T11:01:33.878996972Z [inf]  copy client/package.json
2026-03-07T11:01:33.880642748Z [inf]  copy package-lock.json
2026-03-07T11:01:33.939671472Z [inf]  copy package-lock.json
2026-03-07T11:01:33.940938531Z [inf]  copy package.json
2026-03-07T11:01:33.983497700Z [inf]  copy package.json
2026-03-07T11:01:33.985205695Z [inf]  npm ci
2026-03-07T11:01:34.166507445Z [inf]  npm warn config production Use `--omit=dev` instead.

2026-03-07T11:01:34.725301702Z [inf]  copy /mise/shims
2026-03-07T11:01:34.725335736Z [inf]  copy /mise/installs
2026-03-07T11:01:34.725353677Z [inf]  copy /usr/local/bin/mise
2026-03-07T11:01:34.725361574Z [inf]  copy /etc/mise/config.toml
2026-03-07T11:01:34.725368448Z [inf]  copy /root/.local/state/mise
2026-03-07T11:01:34.891183903Z [inf]  npm warn deprecated whatwg-encoding@3.1.1: Use @exodus/bytes instead for a more spec-conformant and faster implementation

2026-03-07T11:01:35.089816637Z [inf]  npm warn deprecated multer@1.4.5-lts.2: Multer 1.x is impacted by a number of vulnerabilities, which have been patched in 2.x. You should upgrade to the latest 2.x version.

2026-03-07T11:01:35.278717564Z [inf]  npm warn deprecated prebuild-install@7.1.3: No longer maintained. Please contact the author of the relevant native addon; alternatives are available.

2026-03-07T11:01:39.232189288Z [inf]  
added 205 packages, and audited 206 packages in 5s

2026-03-07T11:01:39.233069581Z [inf]  
found 0 vulnerabilities

2026-03-07T11:01:39.385500677Z [inf]  npm ci
2026-03-07T11:01:39.387986270Z [inf]  copy / /app
2026-03-07T11:01:39.480598146Z [inf]  copy / /app
2026-03-07T11:01:39.481855243Z [inf]  npm run build
2026-03-07T11:01:39.646374691Z [inf]  npm warn config production Use `--omit=dev` instead.

2026-03-07T11:01:39.66037626Z [inf]  
> archivo@1.0.0 build
> cd client && npm install && npm run build


2026-03-07T11:01:39.732533253Z [inf]  npm warn config production Use `--omit=dev` instead.

2026-03-07T11:01:40.878466558Z [inf]  npm warn deprecated sourcemap-codec@1.4.8: Please use @jridgewell/sourcemap-codec instead

2026-03-07T11:01:41.452794915Z [inf]  npm warn deprecated source-map@0.8.0-beta.0: The work that was done in this beta branch won't be included in future versions

2026-03-07T11:01:41.998701915Z [inf]  npm warn deprecated glob@11.1.0: Old versions of glob are not supported, and contain widely publicized security vulnerabilities, which have been fixed in the current version. Please update. Support for old versions may be purchased (at exorbitant rates) by contacting i@izs.me

2026-03-07T11:01:43.469338723Z [inf]  
added 426 packages, and audited 427 packages in 4s

2026-03-07T11:01:43.47687056Z [inf]  
6 vulnerabilities (3 moderate, 3 high)

To address issues that do not require attention, run:
  npm audit fix

To address all issues (including breaking changes), run:
  npm audit fix --force

Run `npm audit` for details.

2026-03-07T11:01:43.56277616Z [inf]  npm warn config production Use `--omit=dev` instead.

2026-03-07T11:01:43.578552964Z [inf]  
> archivo-client@1.0.0 build
> vite build


2026-03-07T11:01:43.722526695Z [inf]  [33mThe CJS build of Vite's Node API is deprecated. See https://vite.dev/guide/troubleshooting.html#vite-cjs-node-api-deprecated for more details.[39m

2026-03-07T11:01:43.77685157Z [inf]  [36mvite v5.4.21 [32mbuilding for production...[36m[39m

2026-03-07T11:01:43.820383556Z [inf]  transforming...

2026-03-07T11:01:44.776906939Z [inf]  [32m✓[39m 418 modules transformed.

2026-03-07T11:01:44.946686477Z [inf]  rendering chunks...

2026-03-07T11:01:44.955007488Z [inf]  computing gzip size...

2026-03-07T11:01:44.9634652Z [inf]  [2mdist/[22m[32mregisterSW.js              [39m[1m[2m  0.13 kB[22m[1m[22m
[2mdist/[22m[32mmanifest.webmanifest       [39m[1m[2m  0.38 kB[22m[1m[22m

2026-03-07T11:01:44.963500281Z [inf]  [2mdist/[22m[32mindex.html                 [39m[1m[2m  1.08 kB[22m[1m[22m[2m │ gzip:  0.52 kB[22m

2026-03-07T11:01:44.963597187Z [inf]  [2mdist/[22m[2massets/[22m[35mindex-wCZYTJr-.css  [39m[1m[2m 25.39 kB[22m[1m[22m[2m │ gzip:  4.83 kB[22m

2026-03-07T11:01:44.963662637Z [inf]  [2mdist/[22m[2massets/[22m[36mindex-b8FhIRLR.js   [39m[1m[2m273.75 kB[22m[1m[22m[2m │ gzip: 89.51 kB[22m

2026-03-07T11:01:44.963852422Z [inf]  [32m✓ built in 1.17s[39m

2026-03-07T11:01:46.284757621Z [inf]  
PWA v0.19.8
mode      generateSW
precache  6 entries (293.72 KiB)
files generated
  dist/sw.js
  dist/workbox-6bfcbdaa.js

2026-03-07T11:01:46.516212640Z [inf]  npm run build
2026-03-07T11:01:53.312781111Z [inf]  copy /app/node_modules
2026-03-07T11:01:53.376981359Z [inf]  copy /root/.cache
2026-03-07T11:01:53.377020792Z [inf]  copy /app
2026-03-07T11:01:55.068796148Z [inf]  copy /app/node_modules
2026-03-07T11:01:55.339619451Z [inf]  copy /app
2026-03-07T11:01:55.341212149Z [inf]  [railpack] merge $packages:apt:runtime, $packages:mise, $build, $build
2026-03-07T11:01:55.484298125Z [inf]  [railpack] merge $packages:apt:runtime, $packages:mise, $build, $build
2026-03-07T11:01:56.597752207Z [inf]  [auth] sharing credentials for production-europe-west4-drams3a.railway-registry.com
2026-03-07T11:01:56.597791001Z [inf]  [auth] sharing credentials for production-europe-west4-drams3a.railway-registry.com
2026-03-07T11:01:57.110618316Z [inf]  importing to docker
2026-03-07T11:02:03.653735446Z [inf]  importing to docker
2026-03-07T11:02:07.706501900Z [inf]  [92mBuild time: 37.34 seconds[0m